A51 MACRO ASSEMBLER  DSCR                                                                 07/13/2017 10:28:40 PAGE     1


MACRO ASSEMBLER A51 V7.08a
OBJECT MODULE PLACED IN dscr.OBJ
ASSEMBLER INVOKED BY: C:\Keil\C51\BIN\A51.EXE dscr.a51 SET(SMALL) DEBUG EP

LOC  OBJ            LINE     SOURCE

                       1     ;;-----------------------------------------------------------------------------
                       2     ;;   File:      dscr.a51
                       3     ;;   Contents:  This file contains descriptor data tables.  
                       4     ;;
                       5     ;;   Copyright (c) 2003 Cypress Semiconductor, Inc. All rights reserved
                       6     ;;-----------------------------------------------------------------------------
                       7        
  0001                 8     DSCR_DEVICE   equ   1  ;; Descriptor type: Device
  0002                 9     DSCR_CONFIG   equ   2  ;; Descriptor type: Configuration
  0003                10     DSCR_STRING   equ   3  ;; Descriptor type: String
  0004                11     DSCR_INTRFC   equ   4  ;; Descriptor type: Interface
  0005                12     DSCR_ENDPNT   equ   5  ;; Descriptor type: Endpoint
  0006                13     DSCR_DEVQUAL  equ   6  ;; Descriptor type: Device Qualifier
                      14     
  0012                15     DSCR_DEVICE_LEN   equ   18
  0009                16     DSCR_CONFIG_LEN   equ    9
  0009                17     DSCR_INTRFC_LEN   equ    9
  0007                18     DSCR_ENDPNT_LEN   equ    7
  000A                19     DSCR_DEVQUAL_LEN  equ   10
                      20     
  0000                21     ET_CONTROL   equ   0   ;; Endpoint type: Control
  0001                22     ET_ISO       equ   1   ;; Endpoint type: Isochronous
  0002                23     ET_BULK      equ   2   ;; Endpoint type: Bulk
  0003                24     ET_INT       equ   3   ;; Endpoint type: Interrupt
                      25     
                      26     public      DeviceDscr, DeviceQualDscr, HighSpeedConfigDscr, FullSpeedConfigDscr, StringDsc
                             r, UserDscr
                      27     
                      28     DSCR   SEGMENT   CODE PAGE
                      29     
                      30     ;;-----------------------------------------------------------------------------
                      31     ;; Global Variables
                      32     ;;-----------------------------------------------------------------------------
----                  33           rseg DSCR                 ;; locate the descriptor table in on-part memory.
                      34     
0000                  35     DeviceDscr:   
0000 12               36           db   DSCR_DEVICE_LEN      ;; Descriptor length
0001 01               37           db   DSCR_DEVICE          ;; Decriptor type
0002 0002             38           dw   0002H                ;; Specification Version (BCD)
0004 00               39           db   00H                  ;; Device class
0005 00               40           db   00H                  ;; Device sub-class
0006 00               41           db   00H                  ;; Device sub-sub-class
0007 40               42           db   64                   ;; Maximum packet size
0008 4705             43           dw   4705H                ;; Vendor ID
000A 0210             44           dw   0210H                ;; Product ID (Sample Device)
000C 0000             45           dw   0000H                ;; Product version ID
000E 01               46           db   1                    ;; Manufacturer string index
000F 02               47           db   2                    ;; Product string index
0010 00               48           db   0                    ;; Serial number string index
0011 01               49           db   1                    ;; Number of configurations
                      50     
0012                  51     DeviceQualDscr:
0012 0A               52           db   DSCR_DEVQUAL_LEN     ;; Descriptor length
0013 06               53           db   DSCR_DEVQUAL         ;; Decriptor type
0014 0002             54           dw   0002H                ;; Specification Version (BCD)
0016 00               55           db   00H                  ;; Device class
0017 00               56           db   00H                  ;; Device sub-class
0018 00               57           db   00H                  ;; Device sub-sub-class
A51 MACRO ASSEMBLER  DSCR                                                                 07/13/2017 10:28:40 PAGE     2

0019 40               58           db   64                   ;; Maximum packet size
001A 01               59           db   1                    ;; Number of configurations
001B 00               60           db   0                    ;; Reserved
                      61     
001C                  62     HighSpeedConfigDscr:   
001C 09               63           db   DSCR_CONFIG_LEN      ;; Descriptor length
001D 02               64           db   DSCR_CONFIG          ;; Descriptor type
001E 20               65           db   (HighSpeedConfigDscrEnd-HighSpeedConfigDscr) mod 256 ;; Total Length (LSB)
001F 00               66           db   (HighSpeedConfigDscrEnd-HighSpeedConfigDscr)  /  256 ;; Total Length (MSB)
0020 01               67           db   1                    ;; Number of interfaces
0021 01               68           db   1                    ;; Configuration number
0022 00               69           db   0                    ;; Configuration string
0023 80               70           db   10000000b            ;; Attributes (b7 - buspwr, b6 - selfpwr, b5 - rwu)
0024 32               71           db   50                   ;; Power requirement (div 2 ma)
                      72     
                      73     ;; Interface Descriptor
0025 09               74           db   DSCR_INTRFC_LEN      ;; Descriptor length
0026 04               75           db   DSCR_INTRFC          ;; Descriptor type
0027 00               76           db   0                    ;; Zero-based index of this interface
0028 00               77           db   0                    ;; Alternate setting
0029 02               78           db   2                    ;; Number of end points 
002A FF               79           db   0ffH                 ;; Interface class
002B 00               80           db   00H                  ;; Interface sub class
002C 00               81           db   00H                  ;; Interface sub sub class
002D 00               82           db   0                    ;; Interface descriptor string index
                      83           
                      84     ;; Endpoint Descriptor
002E 07               85           db   DSCR_ENDPNT_LEN      ;; Descriptor length
002F 05               86           db   DSCR_ENDPNT          ;; Descriptor type
0030 02               87           db   02H                  ;; Endpoint number, and direction
0031 02               88           db   ET_BULK              ;; Endpoint type
0032 00               89           db   00H                  ;; Maximum packet size (LSB)
0033 02               90           db   02H                  ;; Maximum packet size (MSB)
0034 00               91           db   00H                  ;; Polling interval
                      92     
                      93     
                      94     ;; Endpoint Descriptor
0035 07               95           db   DSCR_ENDPNT_LEN      ;; Descriptor length
0036 05               96           db   DSCR_ENDPNT          ;; Descriptor type
0037 86               97           db   86H                  ;; Endpoint number, and direction
0038 02               98           db   ET_BULK              ;; Endpoint type
0039 00               99           db   00H                  ;; Maximum packet size (LSB)
003A 02              100           db   02H                  ;; Maximum packet size (MSB)
003B 00              101           db   00H                  ;; Polling interval
                     102     
003C                 103     HighSpeedConfigDscrEnd:   
                     104     
003C                 105     FullSpeedConfigDscr:   
003C 09              106           db   DSCR_CONFIG_LEN      ;; Descriptor length
003D 02              107           db   DSCR_CONFIG          ;; Descriptor type
003E 20              108           db   (FullSpeedConfigDscrEnd-FullSpeedConfigDscr) mod 256 ;; Total Length (LSB)
003F 00              109           db   (FullSpeedConfigDscrEnd-FullSpeedConfigDscr)  /  256 ;; Total Length (MSB)
0040 01              110           db   1                    ;; Number of interfaces
0041 01              111           db   1                    ;; Configuration number
0042 00              112           db   0                    ;; Configuration string
0043 80              113           db   10000000b            ;; Attributes (b7 - buspwr, b6 - selfpwr, b5 - rwu)
0044 32              114           db   50                   ;; Power requirement (div 2 ma)
                     115     
                     116     ;; Interface Descriptor
0045 09              117           db   DSCR_INTRFC_LEN      ;; Descriptor length
0046 04              118           db   DSCR_INTRFC          ;; Descriptor type
0047 00              119           db   0                    ;; Zero-based index of this interface
0048 00              120           db   0                    ;; Alternate setting
0049 02              121           db   2                    ;; Number of end points 
004A FF              122           db   0ffH                 ;; Interface class
004B 00              123           db   00H                  ;; Interface sub class
A51 MACRO ASSEMBLER  DSCR                                                                 07/13/2017 10:28:40 PAGE     3

004C 00              124           db   00H                  ;; Interface sub sub class
004D 00              125           db   0                    ;; Interface descriptor string index
                     126           
                     127     ;; Endpoint Descriptor
004E 07              128           db   DSCR_ENDPNT_LEN      ;; Descriptor length
004F 05              129           db   DSCR_ENDPNT          ;; Descriptor type
0050 02              130           db   02H                  ;; Endpoint number, and direction
0051 02              131           db   ET_BULK              ;; Endpoint type
0052 40              132           db   40H                  ;; Maximum packet size (LSB)
0053 00              133           db   00H                  ;; Maximum packet size (MSB)
0054 00              134           db   00H                  ;; Polling interval
                     135     
                     136     ;; Endpoint Descriptor
0055 07              137           db   DSCR_ENDPNT_LEN      ;; Descriptor length
0056 05              138           db   DSCR_ENDPNT          ;; Descriptor type
0057 86              139           db   86H                  ;; Endpoint number, and direction
0058 02              140           db   ET_BULK              ;; Endpoint type
0059 40              141           db   40H                  ;; Maximum packet size (LSB)
005A 00              142           db   00H                  ;; Maximum packet size (MSB)
005B 00              143           db   00H                  ;; Polling interval
                     144     
005C                 145     FullSpeedConfigDscrEnd:   
                     146     
005C                 147     StringDscr:
                     148     
005C                 149     StringDscr0:   
005C 04              150           db   StringDscr0End-StringDscr0      ;; String descriptor length
005D 03              151           db   DSCR_STRING
005E 0904            152           db   09H,04H
0060                 153     StringDscr0End:
                     154     
0060                 155     StringDscr1:   
0060 10              156           db   StringDscr1End-StringDscr1      ;; String descriptor length
0061 03              157           db   DSCR_STRING
0062 4300            158           db   'C',00
0064 7900            159           db   'y',00
0066 7000            160           db   'p',00
0068 7200            161           db   'r',00
006A 6500            162           db   'e',00
006C 7300            163           db   's',00
006E 7300            164           db   's',00
0070                 165     StringDscr1End:
                     166     
0070                 167     StringDscr2:   
0070 7C              168           db   StringDscr2End-StringDscr2      ;; Descriptor length
0071 03              169           db   DSCR_STRING
0072 4500            170           db   'E',00
0074 5A00            171           db   'Z',00
0076 2D00            172           db   '-',00
0078 5500            173           db   'U',00
007A 5300            174           db   'S',00
007C 4200            175           db   'B',00
007E 2000            176           db   ' ',00
0080 4600            177           db   'F',00
0082 5800            178           db   'X',00
0084 3200            179           db   '2',00
0086 2000            180           db   ' ',00
0088 4700            181           db   'G',00
008A 5000            182           db   'P',00
008C 4900            183           db   'I',00
008E 4600            184           db   'F',00
0090 2000            185           db   ' ',00
0092 7400            186           db   't',00
0094 6F00            187           db   'o',00
0096 2000            188           db   ' ',00
0098 4500            189           db   'E',00
A51 MACRO ASSEMBLER  DSCR                                                                 07/13/2017 10:28:40 PAGE     4

009A 7800            190           db   'x',00
009C 7400            191           db   't',00
009E 2000            192           db   ' ',00
00A0 4600            193           db   'F',00
00A2 4900            194           db   'I',00
00A4 4600            195           db   'F',00
00A6 4F00            196           db   'O',00
00A8 2000            197           db   ' ',00
00AA 4500            198           db   'E',00
00AC 7800            199           db   'x',00
00AE 6100            200           db   'a',00
00B0 6D00            201           db   'm',00
00B2 7000            202           db   'p',00
00B4 6C00            203           db   'l',00
00B6 6500            204           db   'e',00
00B8 2000            205           db   ' ',00
00BA 7500            206           db   'u',00
00BC 7300            207           db   's',00
00BE 6900            208           db   'i',00
00C0 6E00            209           db   'n',00
00C2 6700            210           db   'g',00
00C4 2000            211           db   ' ',00
00C6 5300            212           db   'S',00
00C8 6900            213           db   'i',00
00CA 6E00            214           db   'n',00
00CC 6700            215           db   'g',00
00CE 6C00            216           db   'l',00
00D0 6500            217           db   'e',00
00D2 2000            218           db   ' ',00
00D4 5400            219           db   'T',00
00D6 7200            220           db   'r',00
00D8 6100            221           db   'a',00
00DA 6E00            222           db   'n',00
00DC 7300            223           db   's',00
00DE 6100            224           db   'a',00
00E0 6300            225           db   'c',00
00E2 7400            226           db   't',00
00E4 6900            227           db   'i',00
00E6 6F00            228           db   'o',00
00E8 6E00            229           db   'n',00
00EA 7300            230           db   's',00
00EC                 231     StringDscr2End:
                     232     
00EC                 233     UserDscr:      
00EC 0000            234           dw   0000H
                     235           end
                                   
A51 MACRO ASSEMBLER  DSCR                                                                 07/13/2017 10:28:40 PAGE     5

SYMBOL TABLE LISTING
------ ----- -------


N A M E                 T Y P E  V A L U E   ATTRIBUTES

DEVICEDSCR . . . . . .  C ADDR   0000H   R   SEG=DSCR
DEVICEQUALDSCR . . . .  C ADDR   0012H   R   SEG=DSCR
DSCR . . . . . . . . .  C SEG    00EEH       REL=PAGE
DSCR_CONFIG. . . . . .  N NUMB   0002H   A   
DSCR_CONFIG_LEN. . . .  N NUMB   0009H   A   
DSCR_DEVICE. . . . . .  N NUMB   0001H   A   
DSCR_DEVICE_LEN. . . .  N NUMB   0012H   A   
DSCR_DEVQUAL . . . . .  N NUMB   0006H   A   
DSCR_DEVQUAL_LEN . . .  N NUMB   000AH   A   
DSCR_ENDPNT. . . . . .  N NUMB   0005H   A   
DSCR_ENDPNT_LEN. . . .  N NUMB   0007H   A   
DSCR_INTRFC. . . . . .  N NUMB   0004H   A   
DSCR_INTRFC_LEN. . . .  N NUMB   0009H   A   
DSCR_STRING. . . . . .  N NUMB   0003H   A   
ET_BULK. . . . . . . .  N NUMB   0002H   A   
ET_CONTROL . . . . . .  N NUMB   0000H   A   
ET_INT . . . . . . . .  N NUMB   0003H   A   
ET_ISO . . . . . . . .  N NUMB   0001H   A   
FULLSPEEDCONFIGDSCR. .  C ADDR   003CH   R   SEG=DSCR
FULLSPEEDCONFIGDSCREND  C ADDR   005CH   R   SEG=DSCR
HIGHSPEEDCONFIGDSCR. .  C ADDR   001CH   R   SEG=DSCR
HIGHSPEEDCONFIGDSCREND  C ADDR   003CH   R   SEG=DSCR
STRINGDSCR . . . . . .  C ADDR   005CH   R   SEG=DSCR
STRINGDSCR0. . . . . .  C ADDR   005CH   R   SEG=DSCR
STRINGDSCR0END . . . .  C ADDR   0060H   R   SEG=DSCR
STRINGDSCR1. . . . . .  C ADDR   0060H   R   SEG=DSCR
STRINGDSCR1END . . . .  C ADDR   0070H   R   SEG=DSCR
STRINGDSCR2. . . . . .  C ADDR   0070H   R   SEG=DSCR
STRINGDSCR2END . . . .  C ADDR   00ECH   R   SEG=DSCR
USERDSCR . . . . . . .  C ADDR   00ECH   R   SEG=DSCR


REGISTER BANK(S) USED: 0 


ASSEMBLY COMPLETE.  0 WARNING(S), 0 ERROR(S)
